<<<<<<< HEAD
[2220295]Debug
[2220295]Debug
=======
[2220311]Debug
<<<<<<< HEAD
[2220311]Debug
=======
>>>>>>> b8254281a7d5f48008f69a520eaf13eb4cba99e2
[2220295]Release
[2220295]Debug
[2220295]Debug
<<<<<<< HEAD
[2220295]Debug
=======
>>>>>>> 6e12d91da27aaf14c00cfb05940db99fdef61a32
[2220311]Debug
>>>>>>> 13433b0d9a1354a9b516118284d20b9e611a122f
<<<<<<< HEAD
[2220295]Debug
[2220295]Debug
[2220295]Debug
[2220295]Debug
[2220295]Debug
[2220295]Debug
[2220295]Debug
[2220295]Debug
[2220295]Debug
[2220295]Debug
[2220295]Debug
[2220295]Debug
[2220295]Debug
[2220295]Debug
[2220295]Debug
[2220295]Debug
[2220295]Debug
=======
[2220311]Debug
[2220311]Debug
[2220311]Debug
[2220311]Debug
[2220311]Debug
[2220311]Debug
>>>>>>> tomy
<<<<<<< HEAD
[2220295]Debug
=======
[2220311]Debug
<<<<<<< HEAD
>>>>>>> b0240cf87e805f96afa5e2398d3553729550a12e
[2220295]Debug
[2220295]Debug
[2220295]Debug
[2220295]Debug
[2220295]Debug
[2220295]Debug
[2220295]Debug
[2220295]Debug
[2220295]Debug
[2220295]Debug
[2220295]Debug
=======
[2220311]Debug
[2220311]Debug
[2220311]Debug
[2220311]Debug
[2220311]Debug
[2220311]Debug
[2220311]Release
[2220311]Release
[2220311]Release
[2220311]Release
[2220311]Release
[2220311]Release
[2220311]Release
>>>>>>> tomy
[2220295]Debug
[2220295]Debug
[2220295]Debug
[2220295]Debug
[2220295]Debug
[2220295]Debug
[2220295]Debug
[2220295]Debug
[2220295]Debug
[2220295]Debug
[2220295]Debug
[2220295]Debug
[2220295]Debug
[2220295]Debug
[2220295]Debug
[2220295]Debug
[2220295]Debug
[2220295]Debug
[2220295]Debug
[2220295]Debug
[2220295]Debug
[2220295]Debug
[2220295]Debug
[2220295]Debug
[2220295]Debug
[2220295]Debug
[2220295]Debug
[2220295]Debug
[2220295]Debug
[2220295]Debug
[2220295]Debug
[2220295]Debug
[2220295]Debug
[2220295]Debug
[2220295]Debug
[2220295]Debug
[2220295]Debug
[2220295]Debug
[2220295]Debug
[2220295]Debug
[2220295]Debug
[2220295]Debug
[2220295]Debug
[2220295]Debug
[2220295]Debug
[2220295]Debug
[2220295]Debug
[2220295]Debug
[2220295]Debug
[2220295]Debug
[2220295]Debug
[2220295]Debug
[2220295]Debug
[2220295]Debug
[2220295]Debug
[2220295]Debug
[2220295]Debug
[2220295]Debug
[2220295]Debug
[2220295]Debug
[2220295]Debug
[2220295]Debug
[2220295]Debug
[2220295]Debug
[2220295]Debug
[2220295]Debug
[2220295]Debug
[2220295]Debug
[2220295]Debug
[2220295]Debug
[2220295]Debug
[2220295]Debug
[2220295]Debug
[2220295]Debug
[2220295]Debug
[2220295]Debug
[2220295]Debug
[2220295]Debug
[2220295]Debug
[2220295]Debug
[2220295]Debug
[2220295]Debug
[2220295]Debug
[2220295]Debug
[2220295]Debug
[2220295]Debug
[2220295]Debug
[2220295]Debug
[2220295]Debug
[2220295]Debug
[2220295]Debug
[2220295]Debug
[2220295]Debug
[2220295]Debug
[2220295]Debug
[2220295]Debug
[2220295]Debug
[2220295]Debug
[2220295]Debug
[2220295]Debug
[2220295]Debug
[2220295]Debug
[2220295]Debug
[2220295]Debug
[2220295]Debug
[2220295]Debug
[2220295]Debug
[2220295]Debug
[2220295]Debug
[2220295]Debug
[2220295]Debug
[2220295]Debug
[2220295]Debug
[2220295]Debug
[2220295]Debug
[2220295]Debug
[2220295]Debug
[2220295]Debug
[2220295]Debug
[2220295]Debug
[2220295]Debug
[2220295]Debug
[2220295]Debug
[2220295]Debug
[2220295]Debug
[2220295]Debug
[2220295]Debug
[2220295]Debug
[2220295]Debug
[2220295]Debug
[2220295]Debug
[2220295]Debug
[2220295]Debug
[2220295]Debug
[2220295]Debug
[2220295]Debug
[2220295]Debug
